<?xml version="1.0" encoding="UTF-8"?>
<!-- Generated by org.testng.reporters.JUnitXMLReporter -->
<testsuite hostname="sakthivel-PC" name="TestNG" tests="6" failures="0" timestamp="3 Nov 2015 13:19:51 GMT" time="17.836" errors="0">
  <testcase name="@BeforeTest beforeTest" time="0.0" classname="demo1.AddSaleOrder">
    <failure type="org.openqa.selenium.NoSuchWindowException" message="Window not found. The browser window may have been closed.
Command duration or timeout: 29 milliseconds
Build info: version: &amp;apos;2.48.2&amp;apos;, revision: &amp;apos;41bccdd&amp;apos;, time: &amp;apos;2015-10-09 19:59:12&amp;apos;
System info: host: &amp;apos;sakthivel-PC&amp;apos;, ip: &amp;apos;172.16.11.74&amp;apos;, os.name: &amp;apos;Windows 7&amp;apos;, os.arch: &amp;apos;x86&amp;apos;, os.version: &amp;apos;6.1&amp;apos;, java.version: &amp;apos;1.7.0_40&amp;apos;
Session ID: 88683e00-3a74-467c-aa5c-172a42c4ba9c
Driver info: org.openqa.selenium.firefox.FirefoxDriver
Capabilities [{platform=WINDOWS, acceptSslCerts=true, javascriptEnabled=true, cssSelectorsEnabled=true, databaseEnabled=true, browserName=firefox, handlesAlerts=true, nativeEvents=false, webStorageEnabled=true, rotatable=false, locationContextEnabled=true, applicationCacheEnabled=true, takesScreenshot=true, version=32.0.3}]">
      <![CDATA[org.openqa.selenium.NoSuchWindowException: Window not found. The browser window may have been closed.
Command duration or timeout: 29 milliseconds
Build info: version: '2.48.2', revision: '41bccdd', time: '2015-10-09 19:59:12'
System info: host: 'sakthivel-PC', ip: '172.16.11.74', os.name: 'Windows 7', os.arch: 'x86', os.version: '6.1', java.version: '1.7.0_40'
Session ID: 88683e00-3a74-467c-aa5c-172a42c4ba9c
Driver info: org.openqa.selenium.firefox.FirefoxDriver
Capabilities [{platform=WINDOWS, acceptSslCerts=true, javascriptEnabled=true, cssSelectorsEnabled=true, databaseEnabled=true, browserName=firefox, handlesAlerts=true, nativeEvents=false, webStorageEnabled=true, rotatable=false, locationContextEnabled=true, applicationCacheEnabled=true, takesScreenshot=true, version=32.0.3}]
	at org.openqa.selenium.remote.ErrorHandler.createThrowable(ErrorHandler.java:206)
	at org.openqa.selenium.remote.ErrorHandler.throwIfResponseFailed(ErrorHandler.java:158)
	at org.openqa.selenium.remote.RemoteWebDriver.execute(RemoteWebDriver.java:647)
	at org.openqa.selenium.remote.RemoteWebDriver$RemoteWebDriverOptions$RemoteTimeouts.pageLoadTimeout(RemoteWebDriver.java:841)
	at demo1.CRUD.beforeTest(CRUD.java:111)
Caused by: org.openqa.selenium.NoSuchWindowException: Window not found. The browser window may have been closed.
Build info: version: '2.48.2', revision: '41bccdd', time: '2015-10-09 19:59:12'
System info: host: 'sakthivel-PC', ip: '172.16.11.74', os.name: 'Windows 7', os.arch: 'x86', os.version: '6.1', java.version: '1.7.0_40'
Driver info: driver.version: unknown
	at <anonymous class>.nsCommandProcessor.prototype.execute(file:///C:/Users/SAKTHI~1/AppData/Local/Temp/anonymous1590644507558857083webdriver-profile/extensions/fxdriver@googlecode.com/components/command-processor.js:12602)
	at <anonymous class>.Dispatcher.executeAs/<(file:///C:/Users/SAKTHI~1/AppData/Local/Temp/anonymous1590644507558857083webdriver-profile/extensions/fxdriver@googlecode.com/components/driver-component.js:9455)
	at <anonymous class>.Resource.prototype.handle(file:///C:/Users/SAKTHI~1/AppData/Local/Temp/anonymous1590644507558857083webdriver-profile/extensions/fxdriver@googlecode.com/components/driver-component.js:9602)
	at <anonymous class>.Dispatcher.prototype.dispatch(file:///C:/Users/SAKTHI~1/AppData/Local/Temp/anonymous1590644507558857083webdriver-profile/extensions/fxdriver@googlecode.com/components/driver-component.js:9549)
	at <anonymous class>.WebDriverServer/<.handle(file:///C:/Users/SAKTHI~1/AppData/Local/Temp/anonymous1590644507558857083webdriver-profile/extensions/fxdriver@googlecode.com/components/driver-component.js:12390)
	at <anonymous class>.createHandlerFunc/<(file:///C:/Users/SAKTHI~1/AppData/Local/Temp/anonymous1590644507558857083webdriver-profile/extensions/fxdriver@googlecode.com/components/httpd.js:2054)
	at <anonymous class>.ServerHandler.prototype.handleResponse(file:///C:/Users/SAKTHI~1/AppData/Local/Temp/anonymous1590644507558857083webdriver-profile/extensions/fxdriver@googlecode.com/components/httpd.js:2387)
	at <anonymous class>.Connection.prototype.process(file:///C:/Users/SAKTHI~1/AppData/Local/Temp/anonymous1590644507558857083webdriver-profile/extensions/fxdriver@googlecode.com/components/httpd.js:1223)
	at <anonymous class>.RequestReader.prototype._handleResponse(file:///C:/Users/SAKTHI~1/AppData/Local/Temp/anonymous1590644507558857083webdriver-profile/extensions/fxdriver@googlecode.com/components/httpd.js:1677)
	at <anonymous class>.RequestReader.prototype._processBody(file:///C:/Users/SAKTHI~1/AppData/Local/Temp/anonymous1590644507558857083webdriver-profile/extensions/fxdriver@googlecode.com/components/httpd.js:1525)
	at <anonymous class>.RequestReader.prototype.onInputStreamReady(file:///C:/Users/SAKTHI~1/AppData/Local/Temp/anonymous1590644507558857083webdriver-profile/extensions/fxdriver@googlecode.com/components/httpd.js:1393)
... Removed 26 stack frames]]>
    </failure>
  </testcase> <!-- @BeforeTest beforeTest -->
  <testcase name="@AfterTest afterMethod" time="0.0" classname="demo1.AddSaleOrder">
    <skipped/>
  </testcase> <!-- @AfterTest afterMethod -->
  <testcase name="@AfterTest afterTest" time="0.0" classname="demo1.AddSaleOrder">
    <skipped/>
  </testcase> <!-- @AfterTest afterTest -->
  <testcase name="AddSalesOrder" time="0.0" classname="demo1.CRUD">
    <skipped/>
  </testcase> <!-- AddSalesOrder -->
  <testcase name="SearchSaleOrder" time="0.001" classname="demo1.CRUD">
    <skipped/>
  </testcase> <!-- SearchSaleOrder -->
  <testcase name="EditSalesOrder" time="0.001" classname="demo1.CRUD">
    <skipped/>
  </testcase> <!-- EditSalesOrder -->
  <testcase name="salesorderack" time="0.001" classname="demo1.AddSaleOrder">
    <skipped/>
  </testcase> <!-- salesorderack -->
  <testcase name="function" time="0.0" classname="demo1.AddSaleOrder">
    <skipped/>
  </testcase> <!-- function -->
  <testcase name="SalesReport" time="0.005" classname="demo1.AddSaleOrder">
    <skipped/>
  </testcase> <!-- SalesReport -->
</testsuite> <!-- TestNG -->
